d:\projects c++\visualstudioproject\raylibsnake\raylibsnake\x64\debug\vc143.pdb
d:\projects c++\visualstudioproject\raylibsnake\raylibsnake\x64\debug\vc143.idb
d:\projects c++\visualstudioproject\raylibsnake\raylibsnake\x64\debug\snake.obj
d:\projects c++\visualstudioproject\raylibsnake\raylibsnake\x64\debug\main.obj
d:\projects c++\visualstudioproject\raylibsnake\raylibsnake\x64\debug\game.obj
d:\projects c++\visualstudioproject\raylibsnake\raylibsnake\x64\debug\food.obj
d:\projects c++\visualstudioproject\raylibsnake\raylibsnake\x64\debug\defaults.obj
d:\projects c++\visualstudioproject\raylibsnake\x64\debug\raylibsnake.exe
d:\projects c++\visualstudioproject\raylibsnake\x64\debug\raylibsnake.pdb
d:\projects c++\visualstudioproject\raylibsnake\x64\debug\raylib.dll
d:\projects c++\visualstudioproject\raylibsnake\x64\debug\glfw3.dll
d:\projects c++\visualstudioproject\raylibsnake\raylibsnake\x64\debug\raylibsnake.ilk
d:\projects c++\visualstudioproject\raylibsnake\raylibsnake\x64\debug\raylibsnake.tlog\cl.command.1.tlog
d:\projects c++\visualstudioproject\raylibsnake\raylibsnake\x64\debug\raylibsnake.tlog\cl.items.tlog
d:\projects c++\visualstudioproject\raylibsnake\raylibsnake\x64\debug\raylibsnake.tlog\cl.read.1.tlog
d:\projects c++\visualstudioproject\raylibsnake\raylibsnake\x64\debug\raylibsnake.tlog\cl.write.1.tlog
d:\projects c++\visualstudioproject\raylibsnake\raylibsnake\x64\debug\raylibsnake.tlog\link.command.1.tlog
d:\projects c++\visualstudioproject\raylibsnake\raylibsnake\x64\debug\raylibsnake.tlog\link.read.1.tlog
d:\projects c++\visualstudioproject\raylibsnake\raylibsnake\x64\debug\raylibsnake.tlog\link.secondary.1.tlog
d:\projects c++\visualstudioproject\raylibsnake\raylibsnake\x64\debug\raylibsnake.tlog\link.write.1.tlog
d:\projects c++\visualstudioproject\raylibsnake\raylibsnake\x64\debug\raylibsnake.tlog\raylibsnake.write.1u.tlog
